Loading checkpoint shards:   0%|          | 0/4 [00:00<?, ?it/s]Loading checkpoint shards:  25%|██▌       | 1/4 [00:00<00:02,  1.34it/s]Loading checkpoint shards:  50%|█████     | 2/4 [00:01<00:01,  1.30it/s]Loading checkpoint shards:  75%|███████▌  | 3/4 [00:02<00:00,  1.29it/s]Loading checkpoint shards: 100%|██████████| 4/4 [00:02<00:00,  1.42it/s]Loading checkpoint shards: 100%|██████████| 4/4 [00:02<00:00,  1.37it/s]
=== MULTI-SKILL LIBRARY composition (unsloth/gemma-2-9b-it) ===
  #skills     full  composed  agree  full_ms  comp_ms  speedup
        1     deny      deny   True    466.7    216.1    2.16x
        2     deny      deny   True    330.8    218.9    1.51x
        3     deny      deny   True    435.4    319.2    1.36x
        4     deny      deny   True    581.8    421.7    1.38x
=== TTFT scaling: full vs precompiled (unsloth/gemma-2-9b-it) ===
  skill_tok   full_ms  precomp_ms  speedup
        500     162.2       148.2    1.09x
       2000     438.1       185.5    2.36x
Traceback (most recent call last):
  File "/home/ubuntu/editable-kv/patchkv/esys/composable_kv.py", line 408, in <module>
    main()
  File "/home/ubuntu/editable-kv/patchkv/esys/composable_kv.py", line 401, in main
    sc = run_scaling(model, tok)
  File "/home/ubuntu/.local/lib/python3.10/site-packages/torch/utils/_contextlib.py", line 124, in decorate_context
    return func(*args, **kwargs)
  File "/home/ubuntu/editable-kv/patchkv/esys/composable_kv.py", line 288, in run_scaling
    skill_alone = precompute_chunk(model, skill_ids)            # offline (excluded from timing)
  File "/home/ubuntu/.local/lib/python3.10/site-packages/torch/utils/_contextlib.py", line 124, in decorate_context
    return func(*args, **kwargs)
  File "/home/ubuntu/editable-kv/patchkv/esys/composable_kv.py", line 70, in precompute_chunk
    return prefill(model, chunk_ids)
  File "/home/ubuntu/.local/lib/python3.10/site-packages/torch/utils/_contextlib.py", line 124, in decorate_context
    return func(*args, **kwargs)
  File "/home/ubuntu/editable-kv/patchkv/esys/composable_kv.py", line 47, in prefill
    return model(input_ids=ids.to("cuda"), use_cache=True).past_key_values
  File "/home/ubuntu/.local/lib/python3.10/site-packages/torch/nn/modules/module.py", line 1776, in _wrapped_call_impl
    return self._call_impl(*args, **kwargs)
  File "/home/ubuntu/.local/lib/python3.10/site-packages/torch/nn/modules/module.py", line 1787, in _call_impl
    return forward_call(*args, **kwargs)
  File "/home/ubuntu/.local/lib/python3.10/site-packages/transformers/utils/generic.py", line 918, in wrapper
    output = func(self, *args, **kwargs)
  File "/home/ubuntu/.local/lib/python3.10/site-packages/transformers/models/gemma2/modeling_gemma2.py", line 565, in forward
    logits = self.lm_head(hidden_states[:, slice_indices, :])
  File "/home/ubuntu/.local/lib/python3.10/site-packages/torch/nn/modules/module.py", line 1776, in _wrapped_call_impl
    return self._call_impl(*args, **kwargs)
  File "/home/ubuntu/.local/lib/python3.10/site-packages/torch/nn/modules/module.py", line 1787, in _call_impl
    return forward_call(*args, **kwargs)
  File "/home/ubuntu/.local/lib/python3.10/site-packages/torch/nn/modules/linear.py", line 134, in forward
    return F.linear(input, self.weight, self.bias)
torch.OutOfMemoryError: CUDA out of memory. Tried to allocate 3.82 GiB. GPU 0 has a total capacity of 94.97 GiB of which 2.80 GiB is free. Process 2353272 has 16.60 GiB memory in use. Process 2364181 has 22.80 GiB memory in use. Process 2386097 has 29.71 GiB memory in use. Including non-PyTorch memory, this process has 23.04 GiB memory in use. Of the allocated memory 21.77 GiB is allocated by PyTorch, and 616.28 MiB is reserved by PyTorch but unallocated. If reserved but unallocated memory is large try setting PYTORCH_ALLOC_CONF=expandable_segments:True to avoid fragmentation.  See documentation for Memory Management  (https://pytorch.org/docs/stable/notes/cuda.html#environment-variables)
Loading checkpoint shards:   0%|          | 0/4 [00:00<?, ?it/s]Loading checkpoint shards:   0%|          | 0/4 [00:00<?, ?it/s]
Traceback (most recent call last):
  File "/home/ubuntu/editable-kv/patchkv/esys/compose_edit.py", line 178, in <module>
    main()
  File "/home/ubuntu/editable-kv/patchkv/esys/compose_edit.py", line 151, in main
    model = AutoModelForCausalLM.from_pretrained(args.model, dtype=torch.bfloat16, device_map="cuda",
  File "/home/ubuntu/.local/lib/python3.10/site-packages/transformers/models/auto/auto_factory.py", line 604, in from_pretrained
    return model_class.from_pretrained(
  File "/home/ubuntu/.local/lib/python3.10/site-packages/transformers/modeling_utils.py", line 277, in _wrapper
    return func(*args, **kwargs)
  File "/home/ubuntu/.local/lib/python3.10/site-packages/transformers/modeling_utils.py", line 5048, in from_pretrained
    ) = cls._load_pretrained_model(
  File "/home/ubuntu/.local/lib/python3.10/site-packages/transformers/modeling_utils.py", line 5468, in _load_pretrained_model
    _error_msgs, disk_offload_index = load_shard_file(args)
  File "/home/ubuntu/.local/lib/python3.10/site-packages/transformers/modeling_utils.py", line 843, in load_shard_file
    disk_offload_index = _load_state_dict_into_meta_model(
  File "/home/ubuntu/.local/lib/python3.10/site-packages/torch/utils/_contextlib.py", line 124, in decorate_context
    return func(*args, **kwargs)
  File "/home/ubuntu/.local/lib/python3.10/site-packages/transformers/modeling_utils.py", line 770, in _load_state_dict_into_meta_model
    _load_parameter_into_model(model, param_name, param.to(param_device))
torch.OutOfMemoryError: CUDA out of memory. Tried to allocate 1.71 GiB. GPU 0 has a total capacity of 94.97 GiB of which 670.00 MiB is free. Process 2353272 has 16.60 GiB memory in use. Process 2364181 has 22.80 GiB memory in use. Process 2386097 has 32.29 GiB memory in use. Process 2386668 has 22.06 GiB memory in use. Including non-PyTorch memory, this process has 550.00 MiB memory in use. Of the allocated memory 0 bytes is allocated by PyTorch, and 0 bytes is reserved by PyTorch but unallocated. If reserved but unallocated memory is large try setting PYTORCH_ALLOC_CONF=expandable_segments:True to avoid fragmentation.  See documentation for Memory Management  (https://pytorch.org/docs/stable/notes/cuda.html#environment-variables)
SUITE_GEMMA2_DONE
